[rocketskywalker.one/index.html]
[connect.facebook.net/en_US/fbevents.js]
[backblue.gif]
[fade.gif]
[index.html]
[rocketskywalker.one/style_addition_new04a6.css]
[rocketskywalker.one/images/МЕТА-(3).jpg]
[ajax.googleapis.com/ajax/libs/jquery/1.11.0/jquery.min.js]
[rocketskywalker.one/images/Aeon.png]
[rocketskywalker.one/images/image_35.jpg]
[rocketskywalker.one/politics_www_rocketskywalker_one.pdf]
[rocketskywalker.one/index.html]
[connect.facebook.net/en_US/fbevents.js]
[rocketskywalker.one/POST.html]
[rocketskywalker.one/fonts/SFProText/SFUIText-Medium.otf]
[rocketskywalker.one/fonts/SFProText/SFUIText-Regular.otf]
[rocketskywalker.one/fonts/SFProText/SFUIText-Semibold.otf]
[rocketskywalker.one/style_addition_new04a6.css]
[mc.yandex.ru/metrika/tag.html]
[rocketskywalker.one/POST.html]
[vk.com/js/api/openapi5878.js]
